#
# There is insufficient memory for the Java Runtime Environment to continue.
# Native memory allocation (malloc) failed to allocate 274896 bytes for Chunk::new
# Possible reasons:
#   The system is out of physical RAM or swap space
#   In 32 bit mode, the process size limit was hit
# Possible solutions:
#   Reduce memory load on the system
#   Increase physical memory or swap space
#   Check if swap backing store is full
#   Use 64 bit Java on a 64 bit OS
#   Decrease Java heap size (-Xmx/-Xms)
#   Decrease number of Java threads
#   Decrease Java thread stack sizes (-Xss)
#   Set larger code cache with -XX:ReservedCodeCacheSize=
# This output file may be truncated or incomplete.
#
#  Out of Memory Error (allocation.cpp:390), pid=7484, tid=0x000000000000028c
#
# JRE version: Java(TM) SE Runtime Environment (8.0_111-b14) (build 1.8.0_111-b14)
# Java VM: Java HotSpot(TM) 64-Bit Server VM (25.111-b14 mixed mode windows-amd64 compressed oops)
# Failed to write core dump. Minidumps are not enabled by default on client versions of Windows
#

---------------  T H R E A D  ---------------

Current thread (0x00000000146d6800):  JavaThread "C2 CompilerThread1" daemon [_thread_in_native, id=652, stack(0x0000000015dc0000,0x0000000015ec0000)]

Stack: [0x0000000015dc0000,0x0000000015ec0000]
[error occurred during error reporting (printing stack bounds), id 0xc0000005]

Native frames: (J=compiled Java code, j=interpreted, Vv=VM code, C=native code)


Current CompileTask:
C2:  12943 2269       4       com.android.dx.dex.code.DalvCode::finishProcessingIfNecessary (69 bytes)


---------------  P R O C E S S  ---------------

Java Threads: ( => current thread )
  0x0000000015fc6000 JavaThread "Service Thread" daemon [_thread_blocked, id=7596, stack(0x00000000163c0000,0x00000000164c0000)]
  0x00000000146d9800 JavaThread "C1 CompilerThread2" daemon [_thread_blocked, id=6164, stack(0x0000000015ec0000,0x0000000015fc0000)]
=>0x00000000146d6800 JavaThread "C2 CompilerThread1" daemon [_thread_in_native, id=652, stack(0x0000000015dc0000,0x0000000015ec0000)]
  0x000000001467d000 JavaThread "C2 CompilerThread0" daemon [_thread_blocked, id=7276, stack(0x0000000015cc0000,0x0000000015dc0000)]
  0x000000001467b800 JavaThread "Attach Listener" daemon [_thread_blocked, id=7940, stack(0x0000000015bc0000,0x0000000015cc0000)]
  0x000000001467a000 JavaThread "Signal Dispatcher" daemon [_thread_blocked, id=3892, stack(0x0000000015ac0000,0x0000000015bc0000)]
  0x000000001466a800 JavaThread "Finalizer" daemon [_thread_blocked, id=6640, stack(0x00000000158e0000,0x00000000159e0000)]
  0x0000000001f80000 JavaThread "Reference Handler" daemon [_thread_blocked, id=7880, stack(0x00000000157e0000,0x00000000158e0000)]
  0x000000000050d800 JavaThread "main" [_thread_in_native, id=7388, stack(0x0000000001d90000,0x0000000001e90000)]

Other Threads:
  0x0000000014647800 VMThread [stack: 0x00000000156e0000,0x00000000157e0000] [id=8000]
  0x0000000015fcb000 WatcherThread [stack: 0x00000000164c0000,0x00000000165c0000] [id=8152]

VM state:not at safepoint (normal execution)

VM Mutex/Monitor currently owned by a thread: None

Heap:
 PSYoungGen      total 68096K, used 50412K [0x00000000eab00000, 0x00000000ef000000, 0x0000000100000000)
  eden space 65536K, 73% used [0x00000000eab00000,0x00000000ed9c31e0,0x00000000eeb00000)
  from space 2560K, 98% used [0x00000000eed80000,0x00000000eeff8018,0x00000000ef000000)
  to   space 2560K, 0% used [0x00000000eeb00000,0x00000000eeb00000,0x00000000eed80000)
 ParOldGen       total 44032K, used 13957K [0x00000000c0000000, 0x00000000c2b00000, 0x00000000eab00000)
  object space 44032K, 31% used [0x00000000c0000000,0x00000000c0da1698,0x00000000c2b00000)
 Metaspace       used 6954K, capacity 7672K, committed 7936K, reserved 1056768K
  class space    used 659K, capacity 688K, committed 768K, reserved 1048576K

Card table byte_map: [0x0000000011350000,0x0000000011560000] byte_map_base: 0x0000000010d50000

Marking Bits: (ParMarkBitMap*) 0x00000000741ca6c0
 Begin Bits: [0x0000000011ac0000, 0x0000000012ac0000)
 End Bits:   [0x0000000012ac0000, 0x0000000013ac0000)

Polling page: 0x00000000004f0000

CodeCache: size=245760Kb used=9911Kb max_used=9911Kb free=235848Kb
 bounds [0x0000000001f90000, 0x0000000002950000, 0x0000000010f90000]
 total_blobs=2557 nmethods=2285 adapters=184
 compilation: enabled

Compilation events (10 events):
Event: 11.468 Thread 0x000000001467d000 2382       4       com.android.dx.util.ByteArrayAnnotatedOutput::assertCursor (48 bytes)
Event: 11.469 Thread 0x000000001467d000 nmethod 2382 0x0000000002932f90 code [0x00000000029330c0, 0x0000000002933138]
Event: 11.469 Thread 0x000000001467d000 2383   !   4       com.android.dx.dex.file.OffsettedItem::writeTo (72 bytes)
Event: 11.470 Thread 0x00000000146d9800 2384       1       com.android.dx.rop.annotation.Annotation::getVisibility (5 bytes)
Event: 11.470 Thread 0x00000000146d9800 nmethod 2384 0x0000000002932cd0 code [0x0000000002932e20, 0x0000000002932f30]
Event: 11.472 Thread 0x000000001467d000 nmethod 2383 0x0000000002939e90 code [0x0000000002939fe0, 0x000000000293a258]
Event: 11.472 Thread 0x00000000146d9800 2385       3       com.android.dx.dex.file.AnnotationItem::writeTo0 (191 bytes)
Event: 11.475 Thread 0x00000000146d9800 nmethod 2385 0x00000000029408d0 code [0x0000000002940cc0, 0x00000000029431b8]
Event: 12.130 Thread 0x00000000146d9800 2386       3       java.lang.String::toLowerCase (439 bytes)
Event: 12.132 Thread 0x00000000146d9800 nmethod 2386 0x0000000002944590 code [0x00000000029448c0, 0x0000000002946138]

GC Heap History (8 events):
Event: 4.243 GC heap before
{Heap before GC invocations=1 (full 0):
 PSYoungGen      total 18944K, used 16384K [0x00000000eab00000, 0x00000000ec000000, 0x0000000100000000)
  eden space 16384K, 100% used [0x00000000eab00000,0x00000000ebb00000,0x00000000ebb00000)
  from space 2560K, 0% used [0x00000000ebd80000,0x00000000ebd80000,0x00000000ec000000)
  to   space 2560K, 0% used [0x00000000ebb00000,0x00000000ebb00000,0x00000000ebd80000)
 ParOldGen       total 44032K, used 0K [0x00000000c0000000, 0x00000000c2b00000, 0x00000000eab00000)
  object space 44032K, 0% used [0x00000000c0000000,0x00000000c0000000,0x00000000c2b00000)
 Metaspace       used 5653K, capacity 6644K, committed 6784K, reserved 1056768K
  class space    used 608K, capacity 620K, committed 640K, reserved 1048576K
Event: 4.271 GC heap after
Heap after GC invocations=1 (full 0):
 PSYoungGen      total 18944K, used 2553K [0x00000000eab00000, 0x00000000ed000000, 0x0000000100000000)
  eden space 16384K, 0% used [0x00000000eab00000,0x00000000eab00000,0x00000000ebb00000)
  from space 2560K, 99% used [0x00000000ebb00000,0x00000000ebd7e4d8,0x00000000ebd80000)
  to   space 2560K, 0% used [0x00000000ecd80000,0x00000000ecd80000,0x00000000ed000000)
 ParOldGen       total 44032K, used 1418K [0x00000000c0000000, 0x00000000c2b00000, 0x00000000eab00000)
  object space 44032K, 3% used [0x00000000c0000000,0x00000000c0162a10,0x00000000c2b00000)
 Metaspace       used 5653K, capacity 6644K, committed 6784K, reserved 1056768K
  class space    used 608K, capacity 620K, committed 640K, reserved 1048576K
}
Event: 4.948 GC heap before
{Heap before GC invocations=2 (full 0):
 PSYoungGen      total 18944K, used 18937K [0x00000000eab00000, 0x00000000ed000000, 0x0000000100000000)
  eden space 16384K, 100% used [0x00000000eab00000,0x00000000ebb00000,0x00000000ebb00000)
  from space 2560K, 99% used [0x00000000ebb00000,0x00000000ebd7e4d8,0x00000000ebd80000)
  to   space 2560K, 0% used [0x00000000ecd80000,0x00000000ecd80000,0x00000000ed000000)
 ParOldGen       total 44032K, used 1418K [0x00000000c0000000, 0x00000000c2b00000, 0x00000000eab00000)
  object space 44032K, 3% used [0x00000000c0000000,0x00000000c0162a10,0x00000000c2b00000)
 Metaspace       used 5981K, capacity 6904K, committed 7040K, reserved 1056768K
  class space    used 611K, capacity 624K, committed 640K, reserved 1048576K
Event: 5.505 GC heap after
Heap after GC invocations=2 (full 0):
 PSYoungGen      total 35328K, used 2538K [0x00000000eab00000, 0x00000000ed000000, 0x0000000100000000)
  eden space 32768K, 0% used [0x00000000eab00000,0x00000000eab00000,0x00000000ecb00000)
  from space 2560K, 99% used [0x00000000ecd80000,0x00000000ecffaad8,0x00000000ed000000)
  to   space 2560K, 0% used [0x00000000ecb00000,0x00000000ecb00000,0x00000000ecd80000)
 ParOldGen       total 44032K, used 3580K [0x00000000c0000000, 0x00000000c2b00000, 0x00000000eab00000)
  object space 44032K, 8% used [0x00000000c0000000,0x00000000c037f058,0x00000000c2b00000)
 Metaspace       used 5981K, capacity 6904K, committed 7040K, reserved 1056768K
  class space    used 611K, capacity 624K, committed 640K, reserved 1048576K
}
Event: 7.355 GC heap before
{Heap before GC invocations=3 (full 0):
 PSYoungGen      total 35328K, used 35306K [0x00000000eab00000, 0x00000000ed000000, 0x0000000100000000)
  eden space 32768K, 100% used [0x00000000eab00000,0x00000000ecb00000,0x00000000ecb00000)
  from space 2560K, 99% used [0x00000000ecd80000,0x00000000ecffaad8,0x00000000ed000000)
  to   space 2560K, 0% used [0x00000000ecb00000,0x00000000ecb00000,0x00000000ecd80000)
 ParOldGen       total 44032K, used 3580K [0x00000000c0000000, 0x00000000c2b00000, 0x00000000eab00000)
  object space 44032K, 8% used [0x00000000c0000000,0x00000000c037f058,0x00000000c2b00000)
 Metaspace       used 6249K, capacity 7192K, committed 7424K, reserved 1056768K
  class space    used 614K, capacity 656K, committed 768K, reserved 1048576K
Event: 7.523 GC heap after
Heap after GC invocations=3 (full 0):
 PSYoungGen      total 35328K, used 2528K [0x00000000eab00000, 0x00000000ef000000, 0x0000000100000000)
  eden space 32768K, 0% used [0x00000000eab00000,0x00000000eab00000,0x00000000ecb00000)
  from space 2560K, 98% used [0x00000000ecb00000,0x00000000ecd78018,0x00000000ecd80000)
  to   space 2560K, 0% used [0x00000000eed80000,0x00000000eed80000,0x00000000ef000000)
 ParOldGen       total 44032K, used 8910K [0x00000000c0000000, 0x00000000c2b00000, 0x00000000eab00000)
  object space 44032K, 20% used [0x00000000c0000000,0x00000000c08b3b38,0x00000000c2b00000)
 Metaspace       used 6249K, capacity 7192K, committed 7424K, reserved 1056768K
  class space    used 614K, capacity 656K, committed 768K, reserved 1048576K
}
Event: 9.247 GC heap before
{Heap before GC invocations=4 (full 0):
 PSYoungGen      total 35328K, used 35296K [0x00000000eab00000, 0x00000000ef000000, 0x0000000100000000)
  eden space 32768K, 100% used [0x00000000eab00000,0x00000000ecb00000,0x00000000ecb00000)
  from space 2560K, 98% used [0x00000000ecb00000,0x00000000ecd78018,0x00000000ecd80000)
  to   space 2560K, 0% used [0x00000000eed80000,0x00000000eed80000,0x00000000ef000000)
 ParOldGen       total 44032K, used 8910K [0x00000000c0000000, 0x00000000c2b00000, 0x00000000eab00000)
  object space 44032K, 20% used [0x00000000c0000000,0x00000000c08b3b38,0x00000000c2b00000)
 Metaspace       used 6286K, capacity 7192K, committed 7424K, reserved 1056768K
  class space    used 615K, capacity 656K, committed 768K, reserved 1048576K
Event: 9.362 GC heap after
Heap after GC invocations=4 (full 0):
 PSYoungGen      total 68096K, used 2528K [0x00000000eab00000, 0x00000000ef000000, 0x0000000100000000)
  eden space 65536K, 0% used [0x00000000eab00000,0x00000000eab00000,0x00000000eeb00000)
  from space 2560K, 98% used [0x00000000eed80000,0x00000000eeff8018,0x00000000ef000000)
  to   space 2560K, 0% used [0x00000000eeb00000,0x00000000eeb00000,0x00000000eed80000)
 ParOldGen       total 44032K, used 13957K [0x00000000c0000000, 0x00000000c2b00000, 0x00000000eab00000)
  object space 44032K, 31% used [0x00000000c0000000,0x00000000c0da1698,0x00000000c2b00000)
 Metaspace       used 6286K, capacity 7192K, committed 7424K, reserved 1056768K
  class space    used 615K, capacity 656K, committed 768K, reserved 1048576K
}

Deoptimization events (10 events):
Event: 10.364 Thread 0x000000000050d800 Uncommon trap: reason=speculate_class_check action=maybe_recompile pc=0x00000000022c2614 method=com.android.dx.util.FixedSizeList.equals(Ljava/lang/Object;)Z @ 25
Event: 10.367 Thread 0x000000000050d800 Uncommon trap: reason=speculate_class_check action=maybe_recompile pc=0x00000000022c2614 method=com.android.dx.util.FixedSizeList.equals(Ljava/lang/Object;)Z @ 25
Event: 10.376 Thread 0x000000000050d800 Uncommon trap: reason=unstable_if action=reinterpret pc=0x0000000002650fcc method=java.util.TreeMap.put(Ljava/lang/Object;Ljava/lang/Object;)Ljava/lang/Object; @ 163
Event: 10.645 Thread 0x000000000050d800 Uncommon trap: reason=unstable_if action=reinterpret pc=0x0000000002817158 method=com.android.dx.dex.code.LocalList$MakeState.snapshot(ILcom/android/dx/rop/code/RegisterSpecSet;)V @ 86
Event: 10.776 Thread 0x000000000050d800 Uncommon trap: reason=unstable_if action=reinterpret pc=0x00000000028417e8 method=com.android.dx.dex.code.StdCatchBuilder.handlersFor(Lcom/android/dx/rop/code/BasicBlock;Lcom/android/dx/dex/code/BlockAddresses;)Lcom/android/dx/dex/code/CatchHandlerList; @
Event: 10.845 Thread 0x000000000050d800 Uncommon trap: reason=unstable_if action=reinterpret pc=0x0000000002813b78 method=java.util.ArrayList.<init>(I)V @ 5
Event: 11.060 Thread 0x000000000050d800 Uncommon trap: reason=unstable_if action=reinterpret pc=0x0000000002891ac4 method=com.android.dx.util.ByteArrayAnnotatedOutput.writeByte(I)V @ 13
Event: 11.158 Thread 0x000000000050d800 Uncommon trap: reason=unstable_if action=reinterpret pc=0x00000000028d6418 method=com.android.dx.util.ByteArrayAnnotatedOutput.writeUleb128(I)I @ 4
Event: 11.158 Thread 0x000000000050d800 Uncommon trap: reason=unstable_if action=reinterpret pc=0x00000000028a6acc method=com.android.dx.util.ByteArrayAnnotatedOutput.writeByte(I)V @ 13
Event: 11.487 Thread 0x000000000050d800 Uncommon trap: reason=unstable_if action=reinterpret pc=0x000000000263ec34 method=java.util.concurrent.ConcurrentHashMap.get(Ljava/lang/Object;)Ljava/lang/Object; @ 15

Internal exceptions (5 events):
Event: 1.695 Thread 0x000000000050d800 Exception <a 'java/lang/NoSuchMethodError': Method sun.misc.Unsafe.defineClass(Ljava/lang/String;[BII)Ljava/lang/Class; name or signature does not match> (0x00000000eab07c78) thrown at [C:\re\workspace\8-2-build-windows-amd64-cygwin\jdk8u111\7883\hotspot\
Event: 1.695 Thread 0x000000000050d800 Exception <a 'java/lang/NoSuchMethodError': Method sun.misc.Unsafe.prefetchRead(Ljava/lang/Object;J)V name or signature does not match> (0x00000000eab07f60) thrown at [C:\re\workspace\8-2-build-windows-amd64-cygwin\jdk8u111\7883\hotspot\src\share\vm\prims
Event: 7.719 Thread 0x0000000016274800 Implicit null exception at 0x0000000002592469 to 0x0000000002593d2d
Event: 9.413 Thread 0x000000001625f000 Implicit null exception at 0x00000000022662a2 to 0x000000000226639a
Event: 11.487 Thread 0x000000000050d800 Implicit null exception at 0x000000000263e8d7 to 0x000000000263ec1d

Events (10 events):
Event: 11.898 loading class java/security/Provider done
Event: 11.898 loading class sun/security/jca/ProviderList$3
Event: 11.899 loading class sun/security/jca/ProviderList$3 done
Event: 11.899 loading class sun/security/jca/ProviderList$1
Event: 11.899 loading class sun/security/jca/ProviderList$1 done
Event: 11.899 loading class java/security/Provider$ServiceKey
Event: 12.129 loading class java/security/Provider$ServiceKey done
Event: 12.129 loading class java/security/Provider$EngineDescription
Event: 12.129 loading class java/security/Provider$EngineDescription done
Event: 12.133 loading class sun/misc/FloatingDecimal


Dynamic libraries:
0x00007ff645d20000 - 0x00007ff645d57000 	C:\Program Files\Java\jdk1.8.0_111\bin\java.exe
0x00007ffb73040000 - 0x00007ffb731ed000 	C:\Windows\SYSTEM32\ntdll.dll
0x00007ffb72be0000 - 0x00007ffb72d1e000 	C:\Windows\system32\KERNEL32.DLL
0x00007ffb70240000 - 0x00007ffb70355000 	C:\Windows\system32\KERNELBASE.dll
0x00007ffb6ed30000 - 0x00007ffb6edbe000 	C:\Windows\system32\apphelp.dll
0x00007ffb6ecd0000 - 0x00007ffb6ed23000 	C:\Windows\AppPatch\AppPatch64\AcGenral.DLL
0x00007ffb72b30000 - 0x00007ffb72bda000 	C:\Windows\system32\msvcrt.dll
0x00007ffb70360000 - 0x00007ffb7038e000 	C:\Windows\system32\SspiCli.dll
0x00007ffb72d60000 - 0x00007ffb72db4000 	C:\Windows\system32\SHLWAPI.dll
0x00007ffb726f0000 - 0x00007ffb72867000 	C:\Windows\system32\USER32.dll
0x00007ffb708e0000 - 0x00007ffb70a74000 	C:\Windows\system32\ole32.dll
0x00007ffb70d70000 - 0x00007ffb72299000 	C:\Windows\system32\SHELL32.dll
0x00007ffb6f750000 - 0x00007ffb6f771000 	C:\Windows\SYSTEM32\USERENV.dll
0x00007ffb70c00000 - 0x00007ffb70caa000 	C:\Windows\system32\ADVAPI32.dll
0x00007ffb6ecb0000 - 0x00007ffb6ecce000 	C:\Windows\SYSTEM32\MPR.dll
0x00007ffb706d0000 - 0x00007ffb70810000 	C:\Windows\system32\RPCRT4.dll
0x00007ffb72fe0000 - 0x00007ffb73039000 	C:\Windows\SYSTEM32\sechost.dll
0x00007ffb722a0000 - 0x00007ffb724b2000 	C:\Windows\SYSTEM32\combase.dll
0x00007ffb72e30000 - 0x00007ffb72f7b000 	C:\Windows\system32\GDI32.dll
0x00007ffb70170000 - 0x00007ffb70185000 	C:\Windows\SYSTEM32\profapi.dll
0x00007ffb6e690000 - 0x00007ffb6e742000 	C:\Windows\SYSTEM32\SHCORE.dll
0x00007ffb72d20000 - 0x00007ffb72d56000 	C:\Windows\system32\IMM32.DLL
0x00007ffb70a80000 - 0x00007ffb70bd1000 	C:\Windows\system32\MSCTF.dll
0x00007ffb6be30000 - 0x00007ffb6c0ab000 	C:\Windows\WinSxS\amd64_microsoft.windows.common-controls_6595b64144ccf1df_6.0.9600.18006_none_623f33d3ecbe86e8\COMCTL32.dll
0x0000000073520000 - 0x00000000735f2000 	C:\Program Files\Java\jdk1.8.0_111\jre\bin\msvcr100.dll
0x00000000739b0000 - 0x000000007424a000 	C:\Program Files\Java\jdk1.8.0_111\jre\bin\server\jvm.dll
0x00007ffb66730000 - 0x00007ffb66739000 	C:\Windows\SYSTEM32\WSOCK32.dll
0x00007ffb6a7e0000 - 0x00007ffb6a802000 	C:\Windows\SYSTEM32\WINMM.dll
0x00007ffb6e750000 - 0x00007ffb6e75a000 	C:\Windows\SYSTEM32\VERSION.dll
0x00007ffb724c0000 - 0x00007ffb724c7000 	C:\Windows\system32\PSAPI.DLL
0x00007ffb72f80000 - 0x00007ffb72fda000 	C:\Windows\system32\WS2_32.dll
0x00007ffb6a7b0000 - 0x00007ffb6a7da000 	C:\Windows\SYSTEM32\WINMMBASE.dll
0x00007ffb724d0000 - 0x00007ffb724d9000 	C:\Windows\system32\NSI.dll
0x00007ffb70440000 - 0x00007ffb7048f000 	C:\Windows\SYSTEM32\cfgmgr32.dll
0x00007ffb6ef80000 - 0x00007ffb6efa8000 	C:\Windows\SYSTEM32\DEVOBJ.dll
0x00000000739a0000 - 0x00000000739af000 	C:\Program Files\Java\jdk1.8.0_111\jre\bin\verify.dll
0x0000000073970000 - 0x0000000073999000 	C:\Program Files\Java\jdk1.8.0_111\jre\bin\java.dll
0x0000000073950000 - 0x0000000073966000 	C:\Program Files\Java\jdk1.8.0_111\jre\bin\zip.dll

VM Arguments:
jvm_args: -Djava.awt.headless=true -Xmx1024M -Dfile.encoding=windows-1252 -Duser.country=US -Duser.language=en -Duser.variant 
java_command: com.android.dx.command.Main --dex --num-threads=4 --output D:\requiryV2\app\build\intermediates\pre-dexed\debug\com.android.support-support-media-compat-26.0.0-alpha1_8c21dd4bae9bfa2006327c519777eb8a9aa26010.jar D:\requiryV2\app\build\intermediates\exploded-aar\com.android.support\support-media-compat\26.0.0-alpha1\jars\classes.jar
java_class_path (initial): C:\Users\MAHE\AppData\Local\Android\sdk\build-tools\26.0.0\lib\dx.jar
Launcher Type: SUN_STANDARD

Environment Variables:
PATH=C:\ProgramData\Oracle\Java\javapath;C:\Program Files\Broadcom\Broadcom 802.11;C:\Program Files (x86)\Intel\iCLS Client\;C:\Program Files\Intel\iCLS Client\;C:\Windows\system32;C:\Windows;C:\Windows\System32\Wbem;C:\Windows\System32\WindowsPowerShell\v1.0\;C:\Program Files\Intel\Intel(R) Management Engine Components\DAL;C:\Program Files (x86)\Intel\Intel(R) Management Engine Components\DAL;C:\Program Files\Intel\Intel(R) Management Engine Components\IPT;C:\Program Files (x86)\Intel\Intel(R) Management Engine Components\IPT;C:\Program Files\MATLAB\R2015a\runtime\win64;C:\Program Files\MATLAB\R2015a\bin;C:\Program Files (x86)\Skype\Phone\;C:\Program Files\nodejs\;D:\MiKTeX 2.9\miktex\bin\x64\;C:\Program Files\Broadcom\Broadcom 802.11;C:\Program Files (x86)\Intel\iCLS Client\;C:\Program Files\Intel\iCLS Client\;C:\Windows\system32;C:\Windows;C:\Windows\System32\Wbem;C:\Windows\System32\WindowsPowerShell\v1.0\;C:\Program Files\Intel\Intel(R) Management Engine Components\DAL;C:\Program Files (x86)\Intel\Intel(R) Management Engine Components\DAL;C:\Program Files\Intel\Intel(R) Management Engine Components\IPT;C:\Program Files (x86)\Intel\Intel(R) Management Engine Components\IPT;C:\Program Files\MATLAB\R2015a\runtime\win64;C:\Program Files\MATLAB\R2015a\bin;C:\Program Files (x86)\Skype\Phone\;C:\Python27;C:\sqlite\sqlite-tools-win32-x86-3150200\sqlite-tools-win32-x86-3150200;C:\Users\MAHE\AppData\Roaming\npm
USERNAME=MAHE
OS=Windows_NT
PROCESSOR_IDENTIFIER=Intel64 Family 6 Model 61 Stepping 4, GenuineIntel



---------------  S Y S T E M  ---------------

OS: Windows 8.1 , 64 bit Build 9600 (6.3.9600.17415)

CPU:total 4 (2 cores per cpu, 2 threads per core) family 6 model 61 stepping 4, cmov, cx8, fxsr, mmx, sse, sse2, sse3, ssse3, sse4.1, sse4.2, popcnt, avx, avx2, aes, clmul, erms, 3dnowpref, lzcnt, ht, tsc, tscinvbit, bmi1, bmi2, adx

Memory: 4k page, physical 4082796k(97452k free), swap 7228524k(8112k free)

vm_info: Java HotSpot(TM) 64-Bit Server VM (25.111-b14) for windows-amd64 JRE (1.8.0_111-b14), built on Sep 22 2016 19:24:05 by "java_re" with MS VC++ 10.0 (VS2010)

time: Wed Nov 01 22:30:53 2017
elapsed time: 13 seconds (0d 0h 0m 13s)

